<?xml version="1.0" encoding="UTF-8" ?>
<testsuite errors="0" failures="0" hostname="claulaptop" name="org.apache.cassandra.service.MoveTest" tests="3" time="16.817" timestamp="2013-03-10T21:21:41">
  <properties>
[...]
</properties>
  <testcase classname="org.apache.cassandra.service.MoveTest" name="testSimultaneousMove" time="3.068"></testcase>
  <testcase classname="org.apache.cassandra.service.MoveTest" name="testStateJumpToNormal" time="1.907"></testcase>
  <testcase classname="org.apache.cassandra.service.MoveTest" name="newTestWriteEndpointsDuringMove" time="2.434"></testcase>
  <system-out><![CDATA[]]></system-out>
  <system-err><![CDATA[]]></system-err>
</testsuite>
