<?xml version="1.0" encoding="UTF-8" ?>
<testsuite errors="1" failures="0" hostname="claulaptop" name="org.apache.cassandra.streaming.StreamingTransferTest" tests="1" time="0.0" timestamp="2013-03-10T21:24:49">
  <properties>
[...]
</properties>
  <testcase classname="org.apache.cassandra.streaming.StreamingTransferTest" name="testRandomSSTableTransfer" time="0.0">
    <error message="Timeout occurred. Please note the time in the report does not reflect the time until the timeout." type="junit.framework.AssertionFailedError">junit.framework.AssertionFailedError: Timeout occurred. Please note the time in the report does not reflect the time until the timeout.
</error>
  </testcase>
</testsuite>
